2020-08-20 17:20 +08:00: 服务启动
2020-08-20 17:22 +08:00: 服务启动
2020-08-20 17:22 +08:00: 服务启动
2020-08-20 17:23 +08:00: 服务启动
2020-08-20 17:23 +08:00: 服务启动
2020-08-20 17:23 +08:00: 服务启动
2020-08-20 17:23 +08:00: 服务启动
2020-08-20 17:25 +08:00: 服务启动
2020-08-21 15:08 +08:00: 服务启动
2020-08-21 15:09 +08:00: 服务启动
2020-08-21 15:09 +08:00: 服务启动
2020-08-21 15:11 +08:00: 服务启动
2020-08-21 15:34 +08:00: 服务启动
2020-08-21 15:34 +08:00: 220 [
2020-08-21 15:34 +08:00:   {
2020-08-21 15:34 +08:00:     fieldname: 'imgList',
2020-08-21 15:34 +08:00:     originalname: '0.jpg',
2020-08-21 15:34 +08:00:     encoding: '7bit',
2020-08-21 15:34 +08:00:     mimetype: 'image/jpeg',
2020-08-21 15:34 +08:00:     destination: './img',
2020-08-21 15:34 +08:00:     filename: '2239e38df3529b649fe32d5c70f659c9',
2020-08-21 15:34 +08:00:     path: 'img\\2239e38df3529b649fe32d5c70f659c9',
2020-08-21 15:34 +08:00:     size: 4015
2020-08-21 15:34 +08:00:   }
2020-08-21 15:34 +08:00: ]
2020-08-21 15:34 +08:00: 250 上传成功
2020-08-21 15:34 +08:00: 服务启动
2020-08-21 15:40 +08:00: 220 [
2020-08-21 15:40 +08:00:   {
2020-08-21 15:40 +08:00:     fieldname: 'imgList',
2020-08-21 15:40 +08:00:     originalname: '0.jpg',
2020-08-21 15:40 +08:00:     encoding: '7bit',
2020-08-21 15:40 +08:00:     mimetype: 'image/jpeg',
2020-08-21 15:40 +08:00:     destination: './img',
2020-08-21 15:40 +08:00:     filename: '14066ac87b06ae5b59d560b1ff4581fb',
2020-08-21 15:40 +08:00:     path: 'img\\14066ac87b06ae5b59d560b1ff4581fb',
2020-08-21 15:40 +08:00:     size: 4015
2020-08-21 15:40 +08:00:   },
2020-08-21 15:40 +08:00:   {
2020-08-21 15:40 +08:00:     fieldname: 'imgList',
2020-08-21 15:40 +08:00:     originalname: 'Eat00002.jpg',
2020-08-21 15:40 +08:00:     encoding: '7bit',
2020-08-21 15:40 +08:00:     mimetype: 'image/jpeg',
2020-08-21 15:40 +08:00:     destination: './img',
2020-08-21 15:40 +08:00:     filename: '4f4e538bf5f64d9d5a551dd566ab4cc8',
2020-08-21 15:40 +08:00:     path: 'img\\4f4e538bf5f64d9d5a551dd566ab4cc8',
2020-08-21 15:40 +08:00:     size: 4069
2020-08-21 15:40 +08:00:   },
2020-08-21 15:40 +08:00:   {
2020-08-21 15:40 +08:00:     fieldname: 'imgList',
2020-08-21 15:40 +08:00:     originalname: 'Eat00003.jpg',
2020-08-21 15:40 +08:00:     encoding: '7bit',
2020-08-21 15:40 +08:00:     mimetype: 'image/jpeg',
2020-08-21 15:40 +08:00:     destination: './img',
2020-08-21 15:40 +08:00:     filename: '3a998c5e016834e76d8dbb40a2a4ce57',
2020-08-21 15:40 +08:00:     path: 'img\\3a998c5e016834e76d8dbb40a2a4ce57',
2020-08-21 15:40 +08:00:     size: 2984
2020-08-21 15:40 +08:00:   },
2020-08-21 15:40 +08:00:   {
2020-08-21 15:40 +08:00:     fieldname: 'imgList',
2020-08-21 15:40 +08:00:     originalname: 'Eat00004.jpg',
2020-08-21 15:40 +08:00:     encoding: '7bit',
2020-08-21 15:40 +08:00:     mimetype: 'image/jpeg',
2020-08-21 15:40 +08:00:     destination: './img',
2020-08-21 15:40 +08:00:     filename: 'c0d9d8ede946ccfe4917b31b05bca351',
2020-08-21 15:40 +08:00:     path: 'img\\c0d9d8ede946ccfe4917b31b05bca351',
2020-08-21 15:40 +08:00:     size: 3768
2020-08-21 15:40 +08:00:   },
2020-08-21 15:40 +08:00:   {
2020-08-21 15:40 +08:00:     fieldname: 'imgList',
2020-08-21 15:40 +08:00:     originalname: 'Eat00005.jpg',
2020-08-21 15:40 +08:00:     encoding: '7bit',
2020-08-21 15:40 +08:00:     mimetype: 'image/jpeg',
2020-08-21 15:40 +08:00:     destination: './img',
2020-08-21 15:40 +08:00:     filename: '05dcd8b85b33e828af16a6ea92d7cbb0',
2020-08-21 15:40 +08:00:     path: 'img\\05dcd8b85b33e828af16a6ea92d7cbb0',
2020-08-21 15:40 +08:00:     size: 4141
2020-08-21 15:40 +08:00:   },
2020-08-21 15:40 +08:00:   {
2020-08-21 15:40 +08:00:     fieldname: 'imgList',
2020-08-21 15:40 +08:00:     originalname: 'Eat00006.jpg',
2020-08-21 15:40 +08:00:     encoding: '7bit',
2020-08-21 15:40 +08:00:     mimetype: 'image/jpeg',
2020-08-21 15:40 +08:00:     destination: './img',
2020-08-21 15:40 +08:00:     filename: 'd454d9a8501e34ecaf0d396c0d1d0986',
2020-08-21 15:40 +08:00:     path: 'img\\d454d9a8501e34ecaf0d396c0d1d0986',
2020-08-21 15:40 +08:00:     size: 3605
2020-08-21 15:40 +08:00:   },
2020-08-21 15:40 +08:00:   {
2020-08-21 15:40 +08:00:     fieldname: 'imgList',
2020-08-21 15:40 +08:00:     originalname: 'Eat00007.jpg',
2020-08-21 15:40 +08:00:     encoding: '7bit',
2020-08-21 15:40 +08:00:     mimetype: 'image/jpeg',
2020-08-21 15:40 +08:00:     destination: './img',
2020-08-21 15:40 +08:00:     filename: '4205f36d80c9fa25d4a61a0eb5fdc169',
2020-08-21 15:40 +08:00:     path: 'img\\4205f36d80c9fa25d4a61a0eb5fdc169',
2020-08-21 15:40 +08:00:     size: 2275
2020-08-21 15:40 +08:00:   },
2020-08-21 15:40 +08:00:   {
2020-08-21 15:40 +08:00:     fieldname: 'imgList',
2020-08-21 15:40 +08:00:     originalname: 'Eat00008.jpg',
2020-08-21 15:40 +08:00:     encoding: '7bit',
2020-08-21 15:40 +08:00:     mimetype: 'image/jpeg',
2020-08-21 15:40 +08:00:     destination: './img',
2020-08-21 15:40 +08:00:     filename: 'e3ec5c4494fc4732f4f4f194ea771935',
2020-08-21 15:40 +08:00:     path: 'img\\e3ec5c4494fc4732f4f4f194ea771935',
2020-08-21 15:40 +08:00:     size: 3442
2020-08-21 15:40 +08:00:   },
2020-08-21 15:40 +08:00:   {
2020-08-21 15:40 +08:00:     fieldname: 'imgList',
2020-08-21 15:40 +08:00:     originalname: 'Eat00009.jpg',
2020-08-21 15:40 +08:00:     encoding: '7bit',
2020-08-21 15:40 +08:00:     mimetype: 'image/jpeg',
2020-08-21 15:40 +08:00:     destination: './img',
2020-08-21 15:40 +08:00:     filename: '4388b9d1dcfbf079c1eb88ede6af2e20',
2020-08-21 15:40 +08:00:     path: 'img\\4388b9d1dcfbf079c1eb88ede6af2e20',
2020-08-21 15:40 +08:00:     size: 2624
2020-08-21 15:40 +08:00:   }
2020-08-21 15:40 +08:00: ]
2020-08-21 15:40 +08:00: 250 上传成功
2020-08-21 15:40 +08:00: 服务启动
2020-08-21 15:42 +08:00: 删除成功
2020-08-21 15:42 +08:00: 服务启动
2020-08-21 16:09 +08:00: 服务启动
2020-08-21 16:09 +08:00: 220 [
2020-08-21 16:09 +08:00:   {
2020-08-21 16:09 +08:00:     fieldname: 'imgList',
2020-08-21 16:09 +08:00:     originalname: 'Eat00007.jpg',
2020-08-21 16:09 +08:00:     encoding: '7bit',
2020-08-21 16:09 +08:00:     mimetype: 'image/jpeg',
2020-08-21 16:09 +08:00:     destination: './img',
2020-08-21 16:09 +08:00:     filename: 'ec4c8b454e78f00cd6d46ad76c379ee1',
2020-08-21 16:09 +08:00:     path: 'img\\ec4c8b454e78f00cd6d46ad76c379ee1',
2020-08-21 16:09 +08:00:     size: 2275
2020-08-21 16:09 +08:00:   }
2020-08-21 16:09 +08:00: ]
2020-08-21 16:09 +08:00: 250 上传成功
2020-08-21 16:09 +08:00: 250  插入数据库成功
2020-08-21 16:09 +08:00: 服务启动
2020-08-21 16:12 +08:00: [Error: EPERM: operation not permitted, unlink 'E:\project\study\lookFor\server\img'] {
2020-08-21 16:12 +08:00:   errno: -4048,
2020-08-21 16:12 +08:00:   code: 'EPERM',
2020-08-21 16:12 +08:00:   syscall: 'unlink',
2020-08-21 16:12 +08:00:   path: 'E:\\project\\study\\lookFor\\server\\img'
2020-08-21 16:12 +08:00: }
2020-08-21 16:15 +08:00: 服务启动
2020-08-21 16:17 +08:00: 服务启动
2020-08-21 16:18 +08:00: 服务启动
2020-08-21 16:19 +08:00: 服务启动
2020-08-21 16:20 +08:00: 服务启动
2020-08-21 16:20 +08:00: 服务启动
2020-08-21 16:20 +08:00: 服务启动
2020-08-21 16:20 +08:00: 服务启动
2020-08-21 16:20 +08:00: 服务启动
2020-08-21 16:21 +08:00: 服务启动
2020-08-21 16:21 +08:00: 服务启动
2020-08-21 16:21 +08:00: 220 [
2020-08-21 16:21 +08:00:   {
2020-08-21 16:21 +08:00:     fieldname: 'imgList',
2020-08-21 16:21 +08:00:     originalname: 'Eat00007.jpg',
2020-08-21 16:21 +08:00:     encoding: '7bit',
2020-08-21 16:21 +08:00:     mimetype: 'image/jpeg',
2020-08-21 16:21 +08:00:     destination: './img',
2020-08-21 16:21 +08:00:     filename: 'fe11fa575e70892ba66836d3c0a9fd51',
2020-08-21 16:21 +08:00:     path: 'img\\fe11fa575e70892ba66836d3c0a9fd51',
2020-08-21 16:21 +08:00:     size: 2275
2020-08-21 16:21 +08:00:   }
2020-08-21 16:21 +08:00: ]
2020-08-21 16:21 +08:00: 250 上传成功
2020-08-21 16:21 +08:00: 250  插入数据库成功
2020-08-21 16:21 +08:00: 服务启动
2020-08-21 16:21 +08:00: 服务启动
2020-08-21 16:21 +08:00: 服务启动
